<?xml version="1.0" encoding="UTF-8"?>
<!-- Generated by org.testng.reporters.JUnitXMLReporter -->
<testsuite ignored="0" hostname="DESKTOP-AV4TL8G" failures="0" tests="2" name="Assignment_IBM_ParallelTesting" time="58.507" errors="0" timestamp="21 Sep 2020 06:28:01 GMT">
  <testcase classname="dockerSeleniumGrid.parallelTesting" name="triggeringChromeBrowser" time="31.324"/>
  <testcase classname="dockerSeleniumGrid.parallelTesting" name="triggeringFireFoxBrowser" time="58.258"/>
</testsuite> <!-- Assignment_IBM_ParallelTesting -->
