<?xml version="1.0" encoding="UTF-8"?>
<testng-results ignored="0" total="5" passed="5" failed="0" skipped="0">
  <reporter-output>
  </reporter-output>
  <suite started-at="2020-09-20T19:53:50Z" name="All Test Suite" finished-at="2020-09-20T19:55:21Z" duration-ms="90955">
    <groups>
    </groups>
    <test started-at="2020-09-20T19:53:50Z" name="Assignment_IBM_HomePage" finished-at="2020-09-20T19:54:42Z" duration-ms="52681">
      <class name="Tests.HomePageTest">
        <test-method is-config="true" signature="launchingBrowser()[pri:0, instance:Tests.HomePageTest@4f18837a]" started-at="2020-09-20T15:53:50Z" name="launchingBrowser" finished-at="2020-09-20T15:54:36Z" duration-ms="45953" status="PASS">
          <reporter-output>
          </reporter-output>
        </test-method> <!-- launchingBrowser -->
        <test-method signature="checkTitleOfHomePage()[pri:1, instance:Tests.HomePageTest@4f18837a]" started-at="2020-09-20T15:54:36Z" name="checkTitleOfHomePage" finished-at="2020-09-20T15:54:36Z" duration-ms="42" status="PASS">
          <reporter-output>
          </reporter-output>
        </test-method> <!-- checkTitleOfHomePage -->
        <test-method signature="refreshActivity()[pri:2, instance:Tests.HomePageTest@4f18837a]" started-at="2020-09-20T15:54:36Z" name="refreshActivity" finished-at="2020-09-20T15:54:41Z" duration-ms="4777" status="PASS">
          <reporter-output>
          </reporter-output>
        </test-method> <!-- refreshActivity -->
        <test-method is-config="true" signature="tearDown()[pri:0, instance:Tests.HomePageTest@4f18837a]" started-at="2020-09-20T15:54:41Z" name="tearDown" finished-at="2020-09-20T15:54:42Z" duration-ms="1830" status="PASS">
          <reporter-output>
          </reporter-output>
        </test-method> <!-- tearDown -->
      </class> <!-- Tests.HomePageTest -->
    </test> <!-- Assignment_IBM_HomePage -->
    <test started-at="2020-09-20T19:54:43Z" name="Assignment_IBM_LoginPage" finished-at="2020-09-20T19:55:21Z" duration-ms="37867">
      <class name="Tests.LoginPageTest">
        <test-method is-config="true" signature="launchBrowser()[pri:0, instance:Tests.LoginPageTest@5158b42f]" started-at="2020-09-20T15:54:43Z" name="launchBrowser" finished-at="2020-09-20T15:55:06Z" duration-ms="23137" status="PASS">
          <reporter-output>
          </reporter-output>
        </test-method> <!-- launchBrowser -->
        <test-method signature="testCurrentTitleOfThePage()[pri:1, instance:Tests.LoginPageTest@5158b42f]" started-at="2020-09-20T15:55:06Z" name="testCurrentTitleOfThePage" finished-at="2020-09-20T15:55:06Z" duration-ms="382" status="PASS">
          <reporter-output>
          </reporter-output>
        </test-method> <!-- testCurrentTitleOfThePage -->
        <test-method signature="navigateToSignInPage()[pri:2, instance:Tests.LoginPageTest@5158b42f]" started-at="2020-09-20T15:55:06Z" name="navigateToSignInPage" finished-at="2020-09-20T15:55:08Z" duration-ms="2164" status="PASS">
          <reporter-output>
          </reporter-output>
        </test-method> <!-- navigateToSignInPage -->
        <test-method signature="loginToHomePage()[pri:3, instance:Tests.LoginPageTest@5158b42f]" started-at="2020-09-20T15:55:08Z" name="loginToHomePage" finished-at="2020-09-20T15:55:19Z" duration-ms="10536" status="PASS">
          <reporter-output>
          </reporter-output>
        </test-method> <!-- loginToHomePage -->
        <test-method is-config="true" signature="tearDown()[pri:0, instance:Tests.LoginPageTest@5158b42f]" started-at="2020-09-20T15:55:19Z" name="tearDown" finished-at="2020-09-20T15:55:21Z" duration-ms="1643" status="PASS">
          <reporter-output>
          </reporter-output>
        </test-method> <!-- tearDown -->
      </class> <!-- Tests.LoginPageTest -->
    </test> <!-- Assignment_IBM_LoginPage -->
  </suite> <!-- All Test Suite -->
</testng-results>
