<?xml version="1.0" encoding="UTF-8"?>
<testsuite xmlns:xsi="http://www.w3.org/2001/XMLSchema-instance" xsi:schemaLocation="https://maven.apache.org/surefire/maven-surefire-plugin/xsd/surefire-test-report.xsd" name="TestSuite" time="196.541" tests="7" errors="0" skipped="0" failures="0">
  <properties>
[...]
</properties>
  <testcase name="triggeringChromeBrowser" classname="dockerSeleniumGrid.parallelTesting" time="31.309"/>
  <testcase name="triggeringFireFoxBrowser" classname="dockerSeleniumGrid.parallelTesting" time="58.246"/>
  <testcase name="checkTitleOfHomePage" classname="Tests.HomePageTest" time="0.23"/>
  <testcase name="refreshActivity" classname="Tests.HomePageTest" time="10.271"/>
  <testcase name="testCurrentTitleOfThePage" classname="Tests.LoginPageTest" time="0.535"/>
  <testcase name="navigateToSignInPage" classname="Tests.LoginPageTest" time="12.769"/>
  <testcase name="loginToHomePage" classname="Tests.LoginPageTest" time="2.478"/>
</testsuite>