<?xml version="1.0" encoding="UTF-8"?>
<testng-results ignored="0" total="7" passed="7" failed="0" skipped="0">
  <reporter-output>
  </reporter-output>
  <suite started-at="2020-09-21T06:27:02Z" name="ParallelTesting" finished-at="2020-09-21T06:28:00Z" duration-ms="58507">
    <groups>
    </groups>
    <test started-at="2020-09-21T06:27:02Z" name="Assignment_IBM_ParallelTesting" finished-at="2020-09-21T06:28:00Z" duration-ms="58507">
      <class name="dockerSeleniumGrid.parallelTesting">
        <test-method signature="triggeringChromeBrowser()[pri:0, instance:dockerSeleniumGrid.parallelTesting@6dc17b83]" started-at="2020-09-21T02:27:02Z" name="triggeringChromeBrowser" finished-at="2020-09-21T02:27:33Z" duration-ms="31324" status="PASS">
          <reporter-output>
          </reporter-output>
        </test-method> <!-- triggeringChromeBrowser -->
        <test-method signature="triggeringFireFoxBrowser()[pri:0, instance:dockerSeleniumGrid.parallelTesting@6dc17b83]" started-at="2020-09-21T02:27:02Z" name="triggeringFireFoxBrowser" finished-at="2020-09-21T02:28:00Z" duration-ms="58258" status="PASS">
          <reporter-output>
          </reporter-output>
        </test-method> <!-- triggeringFireFoxBrowser -->
      </class> <!-- dockerSeleniumGrid.parallelTesting -->
    </test> <!-- Assignment_IBM_ParallelTesting -->
  </suite> <!-- ParallelTesting -->
  <suite started-at="2020-09-21T06:28:01Z" name="All Test Suite" finished-at="2020-09-21T06:30:12Z" duration-ms="130314">
    <groups>
    </groups>
    <test started-at="2020-09-21T06:28:01Z" name="Assignment_IBM_HomePage" finished-at="2020-09-21T06:29:25Z" duration-ms="83809">
      <class name="Tests.HomePageTest">
        <test-method is-config="true" signature="launchingBrowser()[pri:0, instance:Tests.HomePageTest@6ae5aa72]" started-at="2020-09-21T02:28:01Z" name="launchingBrowser" finished-at="2020-09-21T02:29:10Z" duration-ms="68398" status="PASS">
          <reporter-output>
          </reporter-output>
        </test-method> <!-- launchingBrowser -->
        <test-method signature="checkTitleOfHomePage()[pri:1, instance:Tests.HomePageTest@6ae5aa72]" started-at="2020-09-21T02:29:10Z" name="checkTitleOfHomePage" finished-at="2020-09-21T02:29:10Z" duration-ms="214" status="PASS">
          <reporter-output>
          </reporter-output>
        </test-method> <!-- checkTitleOfHomePage -->
        <test-method signature="refreshActivity()[pri:2, instance:Tests.HomePageTest@6ae5aa72]" started-at="2020-09-21T02:29:10Z" name="refreshActivity" finished-at="2020-09-21T02:29:20Z" duration-ms="10389" status="PASS">
          <reporter-output>
          </reporter-output>
        </test-method> <!-- refreshActivity -->
        <test-method is-config="true" signature="tearDown()[pri:0, instance:Tests.HomePageTest@6ae5aa72]" started-at="2020-09-21T02:29:20Z" name="tearDown" finished-at="2020-09-21T02:29:25Z" duration-ms="4776" status="PASS">
          <reporter-output>
          </reporter-output>
        </test-method> <!-- tearDown -->
      </class> <!-- Tests.HomePageTest -->
    </test> <!-- Assignment_IBM_HomePage -->
    <test started-at="2020-09-21T06:29:25Z" name="Assignment_IBM_LoginPage" finished-at="2020-09-21T06:30:12Z" duration-ms="46397">
      <class name="Tests.LoginPageTest">
        <test-method is-config="true" signature="launchBrowser()[pri:0, instance:Tests.LoginPageTest@3a93b025]" started-at="2020-09-21T02:29:25Z" name="launchBrowser" finished-at="2020-09-21T02:29:54Z" duration-ms="28571" status="PASS">
          <reporter-output>
          </reporter-output>
        </test-method> <!-- launchBrowser -->
        <test-method signature="testCurrentTitleOfThePage()[pri:1, instance:Tests.LoginPageTest@3a93b025]" started-at="2020-09-21T02:29:54Z" name="testCurrentTitleOfThePage" finished-at="2020-09-21T02:29:54Z" duration-ms="534" status="PASS">
          <reporter-output>
          </reporter-output>
        </test-method> <!-- testCurrentTitleOfThePage -->
        <test-method signature="navigateToSignInPage()[pri:2, instance:Tests.LoginPageTest@3a93b025]" started-at="2020-09-21T02:29:54Z" name="navigateToSignInPage" finished-at="2020-09-21T02:30:07Z" duration-ms="13073" status="PASS">
          <reporter-output>
          </reporter-output>
        </test-method> <!-- navigateToSignInPage -->
        <test-method signature="loginToHomePage()[pri:3, instance:Tests.LoginPageTest@3a93b025]" started-at="2020-09-21T02:30:07Z" name="loginToHomePage" finished-at="2020-09-21T02:30:10Z" duration-ms="2636" status="PASS">
          <reporter-output>
          </reporter-output>
        </test-method> <!-- loginToHomePage -->
        <test-method is-config="true" signature="tearDown()[pri:0, instance:Tests.LoginPageTest@3a93b025]" started-at="2020-09-21T02:30:10Z" name="tearDown" finished-at="2020-09-21T02:30:12Z" duration-ms="1571" status="PASS">
          <reporter-output>
          </reporter-output>
        </test-method> <!-- tearDown -->
      </class> <!-- Tests.LoginPageTest -->
    </test> <!-- Assignment_IBM_LoginPage -->
  </suite> <!-- All Test Suite -->
</testng-results>
