<?xml version="1.0" encoding="UTF-8"?>
<!-- Generated by org.testng.reporters.JUnitXMLReporter -->
<testsuite ignored="0" hostname="DESKTOP-AV4TL8G" failures="0" tests="3" name="Assignment_IBM_LoginPage" time="37.867" errors="0" timestamp="20 Sep 2020 19:55:21 GMT">
  <testcase classname="Tests.LoginPageTest" name="testCurrentTitleOfThePage" time="0.382"/>
  <testcase classname="Tests.LoginPageTest" name="navigateToSignInPage" time="2.164"/>
  <testcase classname="Tests.LoginPageTest" name="loginToHomePage" time="10.536"/>
</testsuite> <!-- Assignment_IBM_LoginPage -->
