<?xml version="1.0" encoding="UTF-8"?>
<!-- Generated by org.testng.reporters.JUnitXMLReporter -->
<testsuite ignored="0" hostname="DESKTOP-AV4TL8G" failures="0" tests="3" name="Assignment_IBM_LoginPage" time="46.397" errors="0" timestamp="21 Sep 2020 06:30:12 GMT">
  <testcase classname="Tests.LoginPageTest" name="testCurrentTitleOfThePage" time="0.534"/>
  <testcase classname="Tests.LoginPageTest" name="navigateToSignInPage" time="13.073"/>
  <testcase classname="Tests.LoginPageTest" name="loginToHomePage" time="2.636"/>
</testsuite> <!-- Assignment_IBM_LoginPage -->
